# Sync run at: 2025-07-22 17:09:37
./metadata.yaml
charts/Containers_-_Export_790.yaml

# Sync run at: 2025-07-22 17:11:10
./metadata.yaml

# Sync run at 2025-07-22 18:19:57
./metadata.yaml
datasets/alex_prod/MIS_-_Volume_Dataset.yaml
charts/TEUs_-_Export_789.yaml

# Sync run at 2025-07-22 18:39:19
./metadata.yaml
datasets/alex_prod/Ocean_-_Booking_Dataset.yaml
datasets/alex_prod/Ocean_Export_-_Container_Wise_Milestone_Dataset.yaml
datasets/alex_prod/Ocean_-_Container_Analytics.yaml
charts/Containers_Gated_in_Late_1352.yaml
charts/Containers_That_have_undergone_destination_demurrage_-_Export_1361.yaml
charts/Containers_Alloted_1365.yaml
charts/Trade_Lane_and_Carrier_Wise_Transit_Metrics_1356.yaml
charts/Shipments_-_Export_1363.yaml
charts/Vessel_Wise_Container_Allotment_891.yaml
charts/Ocean_Export_-_Containers_Pending_to_be_Gated_In_1373.yaml
charts/How_many_containers_are_pending_to_be_gated_in_1351.yaml
charts/Milestone_wise_Exceptions_1358.yaml
charts/How_many_containers_are_pending_to_be_loaded_on_the_vessel_1369.yaml
charts/Late_Gated_In_-__Cntrs_890.yaml
charts/How_many_containers_are_pending_to_be_loaded_on_basis_ETD_1368.yaml
charts/Ocean_Export_-_Document_Handover_Pending_1374.yaml
charts/Ocean_Export_-_Containers_Pending_to_be_picked_up_basis_Gate_Cut-off_1372.yaml
charts/Carrier_wise_ETA_Performance_-_TTM_1359.yaml
charts/Trade_Lane_wise_ETA_Performance_1360.yaml
charts/Month_on_month_ETA_Trend_1357.yaml
charts/What_is_our_trade-lane_wise_and_carrier_wise_departure_metrics_1354.yaml
charts/Allocation_Pending_1367.yaml
charts/Which_are_the_containers_which_are_shutout_rollover_1353.yaml
charts/Customer_Order_Wise_Allocation_1349.yaml
charts/Active_Orders_1350.yaml
charts/Which_containers_have_incurred_detention_1362.yaml
charts/CBM_-_Ocean_Export_1364.yaml
charts/Containers_ordered_1366.yaml
charts/Advance_Bookings_Received_886.yaml
charts/Allocation_Pending_888.yaml
charts/What_is_our_trade-lane_wise_and_carrier_wise_arrival_metrics_1355.yaml
charts/Open_customer_orders_889.yaml
charts/Roll_over_Shutout_containers_1370.yaml
charts/Containers_allocated_887.yaml
charts/Allocation_from_Advance_Booking_1371.yaml
dashboards/Ocean_Export_Operations_62.yaml

